<?xml version="1.0" encoding="UTF-8"?>
<!-- Generated by org.testng.reporters.JUnitReportReporter -->
<testsuite hostname="DESKTOP-JUQ8ONA" failures="0" tests="1" name="testCases.TC002_LoginTest" time="1.762" errors="0" timestamp="2024-06-23T20:53:47 IST" skipped="0">
  <testcase classname="testCases.TC002_LoginTest" name="verify_login" time="1.762"/>
</testsuite> <!-- testCases.TC002_LoginTest -->
