<?xml version="1.0" encoding="UTF-8"?>
<!-- Generated by org.testng.reporters.JUnitReportReporter -->
<testsuite hostname="DESKTOP-JUQ8ONA" failures="0" tests="1" name="testCases.TC002_LoginTest" time="2.997" errors="0" timestamp="2024-06-23T21:02:37 IST" skipped="0">
  <testcase classname="testCases.TC002_LoginTest" name="verify_login" time="2.997"/>
</testsuite> <!-- testCases.TC002_LoginTest -->
